<?xml version="1.0" encoding="UTF-8"?><testrun name="PositionServiceTest" project="goEuroTest" tests="1" started="1" failures="0" errors="1" ignored="0">
  <testsuite name="com.goeuro.test.service.PositionServiceTest" time="32.277">
    <testcase name="getPositionTest" classname="com.goeuro.test.service.PositionServiceTest" time="32.277">
      <error>org.springframework.http.converter.HttpMessageNotReadableException: Could not read JSON: Can not deserialize instance of com.goeuro.test.domain.Position out of START_ARRAY token
 at [Source: sun.net.www.protocol.http.HttpURLConnection$HttpInputStream@b7996f; line: 1, column: 1]; nested exception is com.fasterxml.jackson.databind.JsonMappingException: Can not deserialize instance of com.goeuro.test.domain.Position out of START_ARRAY token
 at [Source: sun.net.www.protocol.http.HttpURLConnection$HttpInputStream@b7996f; line: 1, column: 1]
	at org.springframework.http.converter.json.MappingJackson2HttpMessageConverter.readJavaType(MappingJackson2HttpMessageConverter.java:228)
	at org.springframework.http.converter.json.MappingJackson2HttpMessageConverter.read(MappingJackson2HttpMessageConverter.java:220)
	at org.springframework.web.client.HttpMessageConverterExtractor.extractData(HttpMessageConverterExtractor.java:95)
	at org.springframework.web.client.RestTemplate.doExecute(RestTemplate.java:550)
	at org.springframework.web.client.RestTemplate.execute(RestTemplate.java:503)
	at org.springframework.web.client.RestTemplate.getForObject(RestTemplate.java:240)
	at com.goeuro.test.service.impl.PositionServiceImpl.exportPositionSearch(PositionServiceImpl.java:22)
	at com.goeuro.test.service.PositionServiceTest.getPositionTest(PositionServiceTest.java:19)
	at sun.reflect.NativeMethodAccessorImpl.invoke0(Native Method)
	at sun.reflect.NativeMethodAccessorImpl.invoke(NativeMethodAccessorImpl.java:57)
	at sun.reflect.DelegatingMethodAccessorImpl.invoke(DelegatingMethodAccessorImpl.java:43)
	at java.lang.reflect.Method.invoke(Method.java:606)
	at org.junit.runners.model.FrameworkMethod$1.runReflectiveCall(FrameworkMethod.java:44)
	at org.junit.internal.runners.model.ReflectiveCallable.run(ReflectiveCallable.java:15)
	at org.junit.runners.model.FrameworkMethod.invokeExplosively(FrameworkMethod.java:41)
	at org.junit.internal.runners.statements.InvokeMethod.evaluate(InvokeMethod.java:20)
	at org.springframework.test.context.junit4.statements.RunBeforeTestMethodCallbacks.evaluate(RunBeforeTestMethodCallbacks.java:74)
	at org.springframework.test.context.junit4.statements.RunAfterTestMethodCallbacks.evaluate(RunAfterTestMethodCallbacks.java:83)
	at org.springframework.test.context.junit4.statements.SpringRepeat.evaluate(SpringRepeat.java:72)
	at org.springframework.test.context.junit4.SpringJUnit4ClassRunner.runChild(SpringJUnit4ClassRunner.java:231)
	at org.springframework.test.context.junit4.SpringJUnit4ClassRunner.runChild(SpringJUnit4ClassRunner.java:88)
	at org.junit.runners.ParentRunner$3.run(ParentRunner.java:231)
	at org.junit.runners.ParentRunner$1.schedule(ParentRunner.java:60)
	at org.junit.runners.ParentRunner.runChildren(ParentRunner.java:229)
	at org.junit.runners.ParentRunner.access$000(ParentRunner.java:50)
	at org.junit.runners.ParentRunner$2.evaluate(ParentRunner.java:222)
	at org.springframework.test.context.junit4.statements.RunBeforeTestClassCallbacks.evaluate(RunBeforeTestClassCallbacks.java:61)
	at org.springframework.test.context.junit4.statements.RunAfterTestClassCallbacks.evaluate(RunAfterTestClassCallbacks.java:71)
	at org.junit.runners.ParentRunner.run(ParentRunner.java:292)
	at org.springframework.test.context.junit4.SpringJUnit4ClassRunner.run(SpringJUnit4ClassRunner.java:174)
	at org.eclipse.jdt.internal.junit4.runner.JUnit4TestReference.run(JUnit4TestReference.java:50)
	at org.eclipse.jdt.internal.junit.runner.TestExecution.run(TestExecution.java:38)
	at org.eclipse.jdt.internal.junit.runner.RemoteTestRunner.runTests(RemoteTestRunner.java:467)
	at org.eclipse.jdt.internal.junit.runner.RemoteTestRunner.runTests(RemoteTestRunner.java:683)
	at org.eclipse.jdt.internal.junit.runner.RemoteTestRunner.run(RemoteTestRunner.java:390)
	at org.eclipse.jdt.internal.junit.runner.RemoteTestRunner.main(RemoteTestRunner.java:197)
Caused by: com.fasterxml.jackson.databind.JsonMappingException: Can not deserialize instance of com.goeuro.test.domain.Position out of START_ARRAY token
 at [Source: sun.net.www.protocol.http.HttpURLConnection$HttpInputStream@b7996f; line: 1, column: 1]
	at com.fasterxml.jackson.databind.JsonMappingException.from(JsonMappingException.java:164)
	at com.fasterxml.jackson.databind.DeserializationContext.mappingException(DeserializationContext.java:749)
	at com.fasterxml.jackson.databind.DeserializationContext.mappingException(DeserializationContext.java:745)
	at com.fasterxml.jackson.databind.deser.BeanDeserializerBase.deserializeFromArray(BeanDeserializerBase.java:1210)
	at com.fasterxml.jackson.databind.deser.BeanDeserializer._deserializeOther(BeanDeserializer.java:151)
	at com.fasterxml.jackson.databind.deser.BeanDeserializer.deserialize(BeanDeserializer.java:126)
	at com.fasterxml.jackson.databind.ObjectMapper._readMapAndClose(ObjectMapper.java:3051)
	at com.fasterxml.jackson.databind.ObjectMapper.readValue(ObjectMapper.java:2206)
	at org.springframework.http.converter.json.MappingJackson2HttpMessageConverter.readJavaType(MappingJackson2HttpMessageConverter.java:225)
	... 35 more

</error>
    </testcase>
  </testsuite>
</testrun>
